[    0.000000] Initializing cgroup subsys cpuset
[    0.000000] Initializing cgroup subsys cpu
[    0.000000] Initializing cgroup subsys cpuacct
[    0.000000] Linux version 4.4.0-141-generic (buildd@lcy01-amd64-027) (gcc version 5.4.0 20160609 (Ubuntu 5.4.0-6ubuntu1~16.04.10) ) #167-Ubuntu SMP Wed Dec 5 10:38:08 UTC 2018 (Ubuntu 4.4.0-141.167-generic 4.4.162)
[    0.000000] KERNEL supported cpus:
[    0.000000]   Intel GenuineIntel
[    0.000000]   AMD AuthenticAMD
[    0.000000]   NSC Geode by NSC
[    0.000000]   Cyrix CyrixInstead
[    0.000000]   Centaur CentaurHauls
[    0.000000]   Transmeta GenuineTMx86
[    0.000000]   Transmeta TransmetaCPU
[    0.000000]   UMC UMC UMC UMC
[    0.000000] x86/fpu: xstate_offset[2]:  576, xstate_sizes[2]:  256
[    0.000000] x86/fpu: Supporting XSAVE feature 0x01: 'x87 floating point registers'
[    0.000000] x86/fpu: Supporting XSAVE feature 0x02: 'SSE registers'
[    0.000000] x86/fpu: Supporting XSAVE feature 0x04: 'AVX registers'
[    0.000000] x86/fpu: Enabled xstate features 0x7, context size is 832 bytes, using 'standard' format.
[    0.000000] e820: BIOS-provided physical RAM map:
[    0.000000] BIOS-e820: [mem 0x0000000000000000-0x000000000009fbff] usable
[    0.000000] BIOS-e820: [mem 0x000000000009fc00-0x000000000009ffff] reserved
[    0.000000] BIOS-e820: [mem 0x00000000000f0000-0x00000000000fffff] reserved
[    0.000000] BIOS-e820: [mem 0x0000000000100000-0x000000001ffeffff] usable
[    0.000000] BIOS-e820: [mem 0x000000001fff0000-0x000000001fffffff] ACPI data
[    0.000000] BIOS-e820: [mem 0x00000000fec00000-0x00000000fec00fff] reserved
[    0.000000] BIOS-e820: [mem 0x00000000fee00000-0x00000000fee00fff] reserved
[    0.000000] BIOS-e820: [mem 0x00000000fffc0000-0x00000000ffffffff] reserved
[    0.000000] NX (Execute Disable) protection: active
[    0.000000] SMBIOS 2.5 present.
[    0.000000] Hypervisor detected: KVM
[    0.000000] e820: last_pfn = 0x1fff0 max_arch_pfn = 0x1000000
[    0.000000] MTRR: Disabled
[    0.000000] x86/PAT: MTRRs disabled, skipping PAT initialization too.
[    0.000000] CPU MTRRs all blank - virtualized system.
[    0.000000] x86/PAT: Configuration [0-7]: WB  WT  UC- UC  WB  WT  UC- UC  
[    0.000000] found SMP MP-table at [mem 0x0009fff0-0x0009ffff] mapped at [c009fff0]
[    0.000000] Scanning 1 areas for low memory corruption
[    0.000000] RAMDISK: [mem 0x1e974000-0x1f782fff]
[    0.000000] ACPI: Early table checksum verification disabled
[    0.000000] ACPI: RSDP 0x00000000000E0000 000024 (v02 VBOX  )
[    0.000000] ACPI: XSDT 0x000000001FFF0030 00003C (v01 VBOX   VBOXXSDT 00000001 ASL  00000061)
[    0.000000] ACPI: FACP 0x000000001FFF00F0 0000F4 (v04 VBOX   VBOXFACP 00000001 ASL  00000061)
[    0.000000] ACPI: DSDT 0x000000001FFF0470 0021FF (v02 VBOX   VBOXBIOS 00000002 INTL 20100528)
[    0.000000] ACPI: FACS 0x000000001FFF0200 000040
[    0.000000] ACPI: FACS 0x000000001FFF0200 000040
[    0.000000] ACPI: APIC 0x000000001FFF0240 000054 (v02 VBOX   VBOXAPIC 00000001 ASL  00000061)
[    0.000000] ACPI: SSDT 0x000000001FFF02A0 0001CC (v01 VBOX   VBOXCPUT 00000002 INTL 20100528)
[    0.000000] 0MB HIGHMEM available.
[    0.000000] 511MB LOWMEM available.
[    0.000000]   mapped low ram: 0 - 1fff0000
[    0.000000]   low ram: 0 - 1fff0000
[    0.000000] kvm-clock: Using msrs 4b564d01 and 4b564d00
[    0.000000] kvm-clock: cpu 0, msr 0:1ffef001, primary cpu clock
[    0.000000] kvm-clock: using sched offset of 7753436791 cycles
[    0.000000] clocksource: kvm-clock: mask: 0xffffffffffffffff max_cycles: 0x1cd42e4dffb, max_idle_ns: 881590591483 ns
[    0.000000] Zone ranges:
[    0.000000]   DMA      [mem 0x0000000000001000-0x0000000000ffffff]
[    0.000000]   Normal   [mem 0x0000000001000000-0x000000001ffeffff]
[    0.000000]   HighMem  empty
[    0.000000] Movable zone start for each node
[    0.000000] Early memory node ranges
[    0.000000]   node   0: [mem 0x0000000000001000-0x000000000009efff]
[    0.000000]   node   0: [mem 0x0000000000100000-0x000000001ffeffff]
[    0.000000] Initmem setup node 0 [mem 0x0000000000001000-0x000000001ffeffff]
[    0.000000] Using APIC driver default
[    0.000000] ACPI: PM-Timer IO Port: 0x4008
[    0.000000] IOAPIC[0]: apic_id 1, version 32, address 0xfec00000, GSI 0-23
[    0.000000] ACPI: INT_SRC_OVR (bus 0 bus_irq 0 global_irq 2 dfl dfl)
[    0.000000] ACPI: INT_SRC_OVR (bus 0 bus_irq 9 global_irq 9 low level)
[    0.000000] Using ACPI (MADT) for SMP configuration information
[    0.000000] smpboot: Allowing 1 CPUs, 0 hotplug CPUs
[    0.000000] PM: Registered nosave memory: [mem 0x00000000-0x00000fff]
[    0.000000] PM: Registered nosave memory: [mem 0x0009f000-0x0009ffff]
[    0.000000] PM: Registered nosave memory: [mem 0x000a0000-0x000effff]
[    0.000000] PM: Registered nosave memory: [mem 0x000f0000-0x000fffff]
[    0.000000] e820: [mem 0x20000000-0xfebfffff] available for PCI devices
[    0.000000] Booting paravirtualized kernel on KVM
[    0.000000] clocksource: refined-jiffies: mask: 0xffffffff max_cycles: 0xffffffff, max_idle_ns: 7645519600211568 ns
[    0.000000] setup_percpu: NR_CPUS:8 nr_cpumask_bits:8 nr_cpu_ids:1 nr_node_ids:1
[    0.000000] PERCPU: Embedded 19 pages/cpu @dfac1000 s47436 r0 d30388 u77824
[    0.000000] PV qspinlock hash table entries: 512 (order: 0, 4096 bytes)
[    0.000000] Built 1 zonelists in Zone order, mobility grouping on.  Total pages: 129678
[    0.000000] Kernel command line: BOOT_IMAGE=/boot/vmlinuz-4.4.0-141-generic root=LABEL=cloudimg-rootfs ro console=tty1 console=ttyS0
[    0.000000] PID hash table entries: 2048 (order: 1, 8192 bytes)
[    0.000000] Dentry cache hash table entries: 65536 (order: 6, 262144 bytes)
[    0.000000] Inode-cache hash table entries: 32768 (order: 5, 131072 bytes)
[    0.000000] Initializing CPU#0
[    0.000000] Initializing HighMem for node 0 (00000000:00000000)
[    0.000000] Memory: 489760K/523832K available (8052K kernel code, 778K rwdata, 3180K rodata, 952K init, 800K bss, 34072K reserved, 0K cma-reserved, 0K highmem)
[    0.000000] virtual kernel memory layout:
[    0.000000]     fixmap  : 0xfff15000 - 0xfffff000   ( 936 kB)
[    0.000000]     pkmap   : 0xffc00000 - 0xffe00000   (2048 kB)
[    0.000000]     vmalloc : 0xe07f0000 - 0xffbfe000   ( 500 MB)
[    0.000000]     lowmem  : 0xc0000000 - 0xdfff0000   ( 511 MB)
[    0.000000]       .init : 0xc1bbe000 - 0xc1cac000   ( 952 kB)
[    0.000000]       .data : 0xc17dd3c4 - 0xc1bbc9c0   (3965 kB)
[    0.000000]       .text : 0xc1000000 - 0xc17dd3c4   (8052 kB)
[    0.000000] Checking if this processor honours the WP bit even in supervisor mode...Ok.
[    0.000000] SLUB: HWalign=64, Order=0-3, MinObjects=0, CPUs=1, Nodes=1
[    0.000000] Hierarchical RCU implementation.
[    0.000000] 	Build-time adjustment of leaf fanout to 32.
[    0.000000] 	RCU restricting CPUs from NR_CPUS=8 to nr_cpu_ids=1.
[    0.000000] RCU: Adjusting geometry for rcu_fanout_leaf=32, nr_cpu_ids=1
[    0.000000] NR_IRQS:2304 nr_irqs:256 16
[    0.000000] Console: colour VGA+ 80x25
[    0.000000] console [tty1] enabled
[    0.000000] console [ttyS0] enabled
[    0.000000] allocated 524288 bytes of page_ext
[    0.000000] tsc: Detected 1796.634 MHz processor
[    2.128276] Calibrating delay loop (skipped) preset value.. 3593.26 BogoMIPS (lpj=7186536)
[    2.169703] pid_max: default: 32768 minimum: 301
[    2.175035] ACPI: Core revision 20150930
[    2.223418] ACPI: 2 ACPI AML tables successfully acquired and loaded
[    2.272633] Security Framework initialized
[    2.284006] Yama: becoming mindful.
[    2.305794] AppArmor: AppArmor initialized
[    2.328984] Mount-cache hash table entries: 1024 (order: 0, 4096 bytes)
[    2.343238] Mountpoint-cache hash table entries: 1024 (order: 0, 4096 bytes)
[    2.389424] Initializing cgroup subsys io
[    2.404801] Initializing cgroup subsys memory
[    2.437058] Initializing cgroup subsys devices
[    2.450952] Initializing cgroup subsys freezer
[    2.464650] Initializing cgroup subsys net_cls
[    2.475331] Initializing cgroup subsys perf_event
[    2.494648] Initializing cgroup subsys net_prio
[    2.518206] Initializing cgroup subsys hugetlb
[    2.578654] Initializing cgroup subsys pids
[    2.599478] Disabling Indirect Branch Predictor Support
[    2.643712] mce: CPU supports 0 MCE banks
[    2.656976] Last level iTLB entries: 4KB 512, 2MB 8, 4MB 4
[    2.672269] Last level dTLB entries: 4KB 512, 2MB 256, 4MB 128, 1GB 0
[    2.687066] Spectre V2 : Spectre mitigation: LFENCE not serializing. Switching to generic retpoline
[    2.701079] Spectre V2 : Mitigation: Full generic retpoline
[    2.709198] Spectre V2 : Spectre v2 mitigation: Speculation control IBPB not-supported IBRS not-supported
[    2.731169] Spectre V2 : Spectre v2 / SpectreRSB mitigation: Filling RSB on context switch
[    2.747838] Speculative Store Bypass: Mitigation: Speculative Store Bypass disabled via prctl and seccomp
[    2.841377] Freeing SMP alternatives memory: 32K
[    2.901673] ftrace: allocating 31566 entries in 62 pages
[    3.050726] smpboot: APIC(0) Converting physical 0 to logical package 0
[    3.064843] smpboot: Max logical packages: 1
[    3.069853] Enabling APIC mode:  Flat.  Using 1 I/O APICs
[    3.090693] ..TIMER: vector=0x30 apic1=0 pin1=2 apic2=-1 pin2=-1
[    3.209640] APIC calibration not consistent with PM-Timer: 96ms instead of 100ms
[    3.260535] APIC delta adjusted to PM-Timer: 6493035 (6254322)
[    3.287264] smpboot: CPU0: AMD A4-6210 APU with AMD Radeon R3 Graphics (family: 0x16, model: 0x30, stepping: 0x1)
[    3.340207] Performance Events: Broken PMU hardware detected, using software events only.
[    3.360790] Failed to access perfctr msr (MSR c0010007 is 0)
[    3.404531] KVM setup paravirtual spinlock
[    3.426257] x86: Booted up 1 node, 1 CPUs
[    3.431986] smpboot: Total of 1 processors activated (3593.26 BogoMIPS)
[    3.447196] devtmpfs: initialized
[    3.475341] evm: security.selinux
[    3.502668] evm: security.SMACK64
[    3.516055] evm: security.SMACK64EXEC
[    3.526489] evm: security.SMACK64TRANSMUTE
[    3.546934] evm: security.SMACK64MMAP
[    3.588186] evm: security.ima
[    3.599390] evm: security.capability
[    3.630781] clocksource: jiffies: mask: 0xffffffff max_cycles: 0xffffffff, max_idle_ns: 7645041785100000 ns
[    3.669089] futex hash table entries: 256 (order: 2, 16384 bytes)
[    3.672200] pinctrl core: initialized pinctrl subsystem
[    3.710460] RTC time: 10:31:45, date: 01/06/19
[    3.753072] NET: Registered protocol family 16
[    3.765480] EISA bus registered
[    3.787795] cpuidle: using governor ladder
[    3.801959] cpuidle: using governor menu
[    3.807814] PCCT header not found.
[    3.817970] ACPI: bus type PCI registered
[    3.829239] acpiphp: ACPI Hot Plug PCI Controller Driver version: 0.5
[    3.850446] PCI : PCI BIOS area is rw and x. Use pci=nobios if you want it NX.
[    3.862372] PCI: PCI BIOS revision 2.10 entry at 0xfda26, last bus=0
[    3.870527] PCI: Using configuration type 1 for base access
[    3.880660] PCI: Using configuration type 1 for extended access
[    3.905180] ACPI: Added _OSI(Module Device)
[    3.918283] ACPI: Added _OSI(Processor Device)
[    3.929833] ACPI: Added _OSI(3.0 _SCP Extensions)
[    3.991199] ACPI: Added _OSI(Processor Aggregator Device)
[    4.025475] ACPI: Executed 1 blocks of module-level executable AML code
[    4.035140] ACPI: Interpreter enabled
[    4.049806] ACPI: (supports S0 S5)
[    4.056606] ACPI: Using IOAPIC for interrupt routing
[    4.071199] PCI: Using host bridge windows from ACPI; if necessary, use "pci=nocrs" and report a bug
[    4.102158] ACPI: PCI Root Bridge [PCI0] (domain 0000 [bus 00-ff])
[    4.114775] acpi PNP0A03:00: _OSC: OS supports [ExtendedConfig ASPM ClockPM Segments MSI]
[    4.146944] acpi PNP0A03:00: _OSC: OS now controls [PCIeHotplug PME AER PCIeCapability]
[    4.170466] PCI host bridge to bus 0000:00
[    4.192657] pci_bus 0000:00: root bus resource [io  0x0000-0x0cf7 window]
[    4.207548] pci_bus 0000:00: root bus resource [io  0x0d00-0xffff window]
[    4.240744] pci_bus 0000:00: root bus resource [mem 0x000a0000-0x000bffff window]
[    4.299164] pci_bus 0000:00: root bus resource [mem 0x20000000-0xfdffffff window]
[    4.373064] pci_bus 0000:00: root bus resource [bus 00-ff]
[    4.390243] pci 0000:00:01.1: legacy IDE quirk: reg 0x10: [io  0x01f0-0x01f7]
[    4.411993] pci 0000:00:01.1: legacy IDE quirk: reg 0x14: [io  0x03f6]
[    4.427014] pci 0000:00:01.1: legacy IDE quirk: reg 0x18: [io  0x0170-0x0177]
[    4.446600] pci 0000:00:01.1: legacy IDE quirk: reg 0x1c: [io  0x0376]
[    4.506383] pci 0000:00:07.0: quirk: [io  0x4000-0x403f] claimed by PIIX4 ACPI
[    4.515403] pci 0000:00:07.0: quirk: [io  0x4100-0x410f] claimed by PIIX4 SMB
[    4.572113] ACPI: PCI Interrupt Link [LNKA] (IRQs 5 9 10 *11)
[    4.590259] ACPI: PCI Interrupt Link [LNKB] (IRQs 5 9 *10 11)
[    4.600967] ACPI: PCI Interrupt Link [LNKC] (IRQs 5 *9 10 11)
[    4.618339] ACPI: PCI Interrupt Link [LNKD] (IRQs 5 9 10 *11)
[    4.644463] ACPI: Enabled 2 GPEs in block 00 to 07
[    4.649928] vgaarb: setting as boot device: PCI:0000:00:02.0
[    4.656594] vgaarb: device added: PCI:0000:00:02.0,decodes=io+mem,owns=io+mem,locks=none
[    4.674831] vgaarb: loaded
[    4.697771] vgaarb: bridge control possible 0000:00:02.0
[    4.720582] SCSI subsystem initialized
[    4.738614] ACPI: bus type USB registered
[    4.749321] usbcore: registered new interface driver usbfs
[    4.768112] usbcore: registered new interface driver hub
[    4.788496] usbcore: registered new device driver usb
[    4.813140] PCI: Using ACPI for IRQ routing
[    4.825982] NetLabel: Initializing
[    4.833035] NetLabel:  domain hash size = 128
[    4.846952] NetLabel:  protocols = UNLABELED CIPSOv4
[    4.857604] NetLabel:  unlabeled traffic allowed by default
[    4.874482] amd_nb: Cannot enumerate AMD northbridges
[    4.933972] clocksource: Switched to clocksource kvm-clock
[    4.992701] AppArmor: AppArmor Filesystem Enabled
[    5.016631] pnp: PnP ACPI init
[    5.022530] pnp: PnP ACPI: found 3 devices
[    5.038044] PnPBIOS: Disabled by ACPI PNP
[    5.095803] clocksource: acpi_pm: mask: 0xffffff max_cycles: 0xffffff, max_idle_ns: 2085701024 ns
[    5.114654] NET: Registered protocol family 2
[    5.118753] TCP established hash table entries: 4096 (order: 2, 16384 bytes)
[    5.146077] TCP bind hash table entries: 4096 (order: 3, 32768 bytes)
[    5.162979] TCP: Hash tables configured (established 4096 bind 4096)
[    5.173824] UDP hash table entries: 256 (order: 1, 8192 bytes)
[    5.188261] UDP-Lite hash table entries: 256 (order: 1, 8192 bytes)
[    5.208773] NET: Registered protocol family 1
[    5.247750] pci 0000:00:00.0: Limiting direct PCI/PCI transfers
[    5.252876] pci 0000:00:01.0: Activating ISA DMA hang workarounds
[    5.294740] Unpacking initramfs...
[    6.118660] Freeing initrd memory: 14396K
[    6.129530] platform rtc_cmos: registered platform RTC device (no PNP device found)
[    6.138853] Scanning for low memory corruption every 60 seconds
[    6.169302] audit: initializing netlink subsys (disabled)
[    6.173439] audit: type=2000 audit(1546770713.208:1): initialized
[    6.188773] Initialise system trusted keyring
[    6.205804] HugeTLB registered 2 MB page size, pre-allocated 0 pages
[    6.213167] zbud: loaded
[    6.229268] VFS: Disk quotas dquot_6.6.0
[    6.250243] VFS: Dquot-cache hash table entries: 1024 (order 0, 4096 bytes)
[    6.280973] squashfs: version 4.0 (2009/01/31) Phillip Lougher
[    6.285402] fuse init (API version 7.23)
[    6.320778] Key type big_key registered
[    6.329289] Allocating IMA MOK and blacklist keyrings.
[    6.371458] Key type asymmetric registered
[    6.390867] Asymmetric key parser 'x509' registered
[    6.393658] bounce: pool size: 64 pages
[    6.409578] Block layer SCSI generic (bsg) driver version 0.4 loaded (major 249)
[    6.437321] io scheduler noop registered
[    6.446332] io scheduler deadline registered (default)
[    6.466980] io scheduler cfq registered
[    6.496866] pci_hotplug: PCI Hot Plug PCI Core version: 0.5
[    6.510888] pciehp: PCI Express Hot Plug Controller Driver version: 0.4
[    6.526572] ACPI: AC Adapter [AC] (off-line)
[    6.545389] input: Power Button as /devices/LNXSYSTM:00/LNXPWRBN:00/input/input0
[    6.556372] ACPI: Power Button [PWRF]
[    6.591143] input: Sleep Button as /devices/LNXSYSTM:00/LNXSLPBN:00/input/input1
[    6.653057] ACPI: Sleep Button [SLPF]
[    6.658684] ACPI: Battery Slot [BAT0] (battery present)
[    6.698505] GHES: HEST is not enabled!
[    6.718407] Serial: 8250/16550 driver, 32 ports, IRQ sharing enabled
[    6.736259] isapnp: Scanning for PnP cards...
[    6.823017] 00:02: ttyS0 at I/O 0x3f8 (irq = 4, base_baud = 115200) is a 16550A
[    6.902076] Linux agpgart interface v0.103
[    6.912469] loop: module loaded
[    6.974885] scsi host0: ata_piix
[    6.987698] scsi host1: ata_piix
[    7.025693] ata1: PATA max UDMA/33 cmd 0x1f0 ctl 0x3f6 bmdma 0xd000 irq 14
[    7.053821] ata2: PATA max UDMA/33 cmd 0x170 ctl 0x376 bmdma 0xd008 irq 15
[    7.112906] libphy: Fixed MDIO Bus: probed
[    7.147225] tsc: Refined TSC clocksource calibration: 1796.546 MHz
[    7.164756] clocksource: tsc: mask: 0xffffffffffffffff max_cycles: 0x19e56ac5b36, max_idle_ns: 440795245127 ns
[    7.232186] tun: Universal TUN/TAP device driver, 1.6
[    7.267952] tun: (C) 1999-2004 Max Krasnyansky <maxk@qualcomm.com>
[    7.326239] PPP generic driver version 2.4.2
[    7.394262] ehci_hcd: USB 2.0 'Enhanced' Host Controller (EHCI) Driver
[    7.410829] ehci-pci: EHCI PCI platform driver
[    7.418954] ehci-platform: EHCI generic platform driver
[    7.478498] ohci_hcd: USB 1.1 'Open' Host Controller (OHCI) Driver
[    7.490901] ohci-pci: OHCI PCI platform driver
[    7.512478] ohci-platform: OHCI generic platform driver
[    7.593023] isapnp: No Plug & Play device found
[    7.622759] uhci_hcd: USB Universal Host Controller Interface driver
[    7.639235] i8042: PNP: PS/2 Controller [PNP0303:PS2K,PNP0f03:PS2M] at 0x60,0x64 irq 1,12
[    7.652289] serio: i8042 KBD port at 0x60,0x64 irq 1
[    7.666584] serio: i8042 AUX port at 0x60,0x64 irq 12
[    7.710289] mousedev: PS/2 mouse device common for all mice
[    7.733981] input: AT Translated Set 2 keyboard as /devices/platform/i8042/serio0/input/input2
[    7.781322] rtc_cmos rtc_cmos: rtc core: registered rtc_cmos as rtc0
[    7.811097] rtc_cmos rtc_cmos: alarms up to one day, 114 bytes nvram
[    7.855851] i2c /dev entries driver
[    7.858705] device-mapper: uevent: version 1.0.3
[    7.883608] device-mapper: ioctl: 4.34.0-ioctl (2015-10-28) initialised: dm-devel@redhat.com
[    7.913509] platform eisa.0: Probing EISA bus 0
[    7.924216] platform eisa.0: EISA: Cannot allocate resource for mainboard
[    7.943064] platform eisa.0: Cannot allocate resource for EISA slot 1
[    7.959504] platform eisa.0: Cannot allocate resource for EISA slot 2
[    7.979844] platform eisa.0: Cannot allocate resource for EISA slot 3
[    7.992218] platform eisa.0: Cannot allocate resource for EISA slot 4
[    8.007372] platform eisa.0: Cannot allocate resource for EISA slot 5
[    8.040948] platform eisa.0: Cannot allocate resource for EISA slot 6
[    8.058857] platform eisa.0: Cannot allocate resource for EISA slot 7
[    8.088810] platform eisa.0: Cannot allocate resource for EISA slot 8
[    8.118356] platform eisa.0: EISA: Detected 0 cards
[    8.139482] cpufreq-nforce2: No nForce2 chipset.
[    8.161533] ledtrig-cpu: registered to indicate activity on CPUs
[    8.197817] NET: Registered protocol family 10
[    8.209131] NET: Registered protocol family 17
[    8.221639] Key type dns_resolver registered
[    8.238928] Using IPI No-Shortcut mode
[    8.254867] registered taskstats version 1
[    8.276328] Loading compiled-in X.509 certificates
[    8.294231] Loaded X.509 cert 'Build time autogenerated kernel key: 8ee7231a1e42e4b4a17d0e4b95c66ffe15d3b32e'
[    8.373146] zswap: loaded using pool lzo/zbud
[    8.392168] Key type trusted registered
[    8.428752] Key type encrypted registered
[    8.452759] AppArmor: AppArmor sha1 policy hashing enabled
[    8.493488] ima: No TPM chip found, activating TPM-bypass!
[    8.513382] ima: Allocated hash algorithm: sha1
[    8.533268] evm: HMAC attrs: 0x1
[    8.555745]   Magic number: 3:954:526
[    8.572108] rtc_cmos rtc_cmos: setting system clock to 2019-01-06 10:31:50 UTC (1546770710)
[    8.605016] BIOS EDD facility v0.16 2004-Jun-25, 0 devices found
[    8.641896] EDD information not available.
[    8.650521] Freeing unused kernel memory: 952K
[    8.726709] Write protecting the kernel text: 8056k
[    8.761810] Write protecting the kernel read-only data: 3184k
[    8.767252] NX-protecting the kernel data: 6280k
Loading, please wait...
starting version[    8.852452] random: systemd-udevd: uninitialized urandom read (16 bytes read, 3 bits of entropy available)
 229
[    8.916276] random: udevadm: uninitialized urandom read (16 bytes read, 3 bits of entropy available)
[    8.979943] random: systemd-udevd: uninitialized urandom read (16 bytes read, 3 bits of entropy available)
[    9.075357] random: systemd-udevd: uninitialized urandom read (16 bytes read, 3 bits of entropy available)
[    9.169666] random: udevadm: uninitialized urandom read (16 bytes read, 3 bits of entropy available)
[    9.226626] random: udevadm: uninitialized urandom read (16 bytes read, 3 bits of entropy available)
[    9.299037] random: udevadm: uninitialized urandom read (16 bytes read, 3 bits of entropy available)
[    9.383477] random: udevadm: uninitialized urandom read (16 bytes read, 3 bits of entropy available)
[    9.408920] random: udevadm: uninitialized urandom read (16 bytes read, 3 bits of entropy available)
[    9.469941] random: udevadm: uninitialized urandom read (16 bytes read, 3 bits of entropy available)
[    9.637731] Fusion MPT base driver 3.04.20
[    9.664388] Copyright (c) 1999-2008 LSI Corporation
[    9.689687] e1000: Intel(R) PRO/1000 Network Driver - version 7.3.21-k8-NAPI
[    9.723494] e1000: Copyright (c) 1999-2006 Intel Corporation.
[    9.952332] Fusion MPT SPI Host driver 3.04.20
[    9.995295] input: ImExPS/2 Generic Explorer Mouse as /devices/platform/i8042/serio1/input/input4
[   10.549077] e1000 0000:00:03.0 eth0: (PCI:33MHz:32-bit) 02:aa:72:2e:71:d2
[   10.576441] e1000 0000:00:03.0 eth0: Intel(R) PRO/1000 Network Connection
[   10.593325] mptbase: ioc0: Initiating bringup
[   10.687268] ioc0: LSI53C1030 A0: Capabilities={Initiator}
[   10.895456] scsi host2: ioc0: LSI53C1030 A0, FwRev=00000000h, Ports=1, MaxQ=256, IRQ=20
[   11.047022] scsi 2:0:0:0: Direct-Access     VBOX     HARDDISK         1.0  PQ: 0 ANSI: 5
[   11.075404] scsi target2:0:0: Beginning Domain Validation
[   11.088394] scsi target2:0:0: Domain Validation skipping write tests
[   11.111973] scsi target2:0:0: Ending Domain Validation
[   11.135450] scsi target2:0:0: asynchronous
[   11.143798] scsi 2:0:1:0: Direct-Access     VBOX     HARDDISK         1.0  PQ: 0 ANSI: 5
[   11.166412] scsi target2:0:1: Beginning Domain Validation
[   11.251712] scsi target2:0:1: Domain Validation skipping write tests
[   11.272105] scsi target2:0:1: Ending Domain Validation
[   11.321135] scsi target2:0:1: asynchronous
[   11.544731] sd 2:0:0:0: Attached scsi generic sg0 type 0
[   11.556532] sd 2:0:0:0: [sda] 20971520 512-byte logical blocks: (10.7 GB/10.0 GiB)
[   11.611913] sd 2:0:1:0: [sdb] 20480 512-byte logical blocks: (10.5 MB/10.0 MiB)
[   11.634471] sd 2:0:1:0: Attached scsi generic sg1 type 0
[   11.681174] sd 2:0:1:0: [sdb] Write Protect is off
[   11.716842] sd 2:0:0:0: [sda] Write Protect is off
[   11.770768] sd 2:0:1:0: [sdb] Incomplete mode parameter data
[   11.775954] sd 2:0:1:0: [sdb] Assuming drive cache: write through
[   11.805184] sd 2:0:0:0: [sda] Incomplete mode parameter data
[   11.824004] sd 2:0:0:0: [sda] Assuming drive cache: write through
[   11.859524] sd 2:0:1:0: [sdb] Attached SCSI disk
[   11.888285]  sda: sda1
[   11.920668] sd 2:0:0:0: [sda] Attached SCSI disk
[   11.991939] e1000 0000:00:08.0 eth1: (PCI:33MHz:32-bit) 08:00:27:4c:65:0e
[   12.044484] e1000 0000:00:08.0 eth1: Intel(R) PRO/1000 Network Connection
[   12.081381] e1000 0000:00:03.0 enp0s3: renamed from eth0
[   12.098265] e1000 0000:00:08.0 enp0s8: renamed from eth1
Begin: Loading essential drivers ... [   14.248946] md: linear personality registered for level -1
[   14.332554] md: multipath personality registered for level -4
[   14.360149] md: raid0 personality registered for level 0
[   14.403623] md: raid1 personality registered for level 1
[   14.502437] raid6: mmxx1    gen()  1014 MB/s
[   14.586363] raid6: mmxx2    gen()  1091 MB/s
[   14.662538] raid6: sse1x1   gen()   267 MB/s
[   14.766104] raid6: sse1x2   gen()   675 MB/s
[   14.842220] raid6: sse2x1   gen()   701 MB/s
[   14.942710] raid6: sse2x1   xor()  1949 MB/s
[   15.022398] raid6: sse2x2   gen()  1938 MB/s
[   15.098043] raid6: sse2x2   xor()  2049 MB/s
[   15.112594] raid6: using algorithm sse2x2 gen() 1938 MB/s
[   15.125790] raid6: .... xor() 2049 MB/s, rmw enabled
[   15.148855] raid6: using ssse3x1 recovery algorithm
[   15.194501] xor: automatically using best checksumming function:
[   15.274727]    avx       :  6098.000 MB/sec
[   15.298451] async_tx: api initialized (async)
[   15.360963] md: raid6 personality registered for level 6
[   15.390175] md: raid5 personality registered for level 5
[   15.432619] md: raid4 personality registered for level 4
[   15.485743] md: raid10 personality registered for level 10
done.
Begin: Running /scripts/init-premount ... done.
Begin: Mounting root file system ... Begin: Running /scripts/local-top ... done.
Begin: Running /scripts/local-premount ... [   15.661845] Btrfs loaded
Scanning for Btrfs filesystems
done.
Warning: fsck no[   15.766856] EXT4-fs (sda1): INFO: recovery required on readonly filesystem
t present, so sk[   15.820561] EXT4-fs (sda1): write access will be enabled during recovery
ipping root file system
[   15.927032] EXT4-fs (sda1): orphan cleanup on readonly fs
[   16.036322] EXT4-fs (sda1): 6 orphan inodes deleted
[   16.089521] EXT4-fs (sda1): recovery complete
[   16.130098] EXT4-fs (sda1): mounted filesystem with ordered data mode. Opts: (null)
done.
Begin: Running /scripts/local-bottom ... done.
Begin: Running /scripts/init-bottom ... done.
[   16.788767] random: nonblocking pool is initialized
[   16.883128] systemd[1]: systemd 229 running in system mode. (+PAM +AUDIT +SELINUX +IMA +APPARMOR +SMACK +SYSVINIT +UTMP +LIBCRYPTSETUP +GCRYPT +GNUTLS +ACL +XZ -LZ4 +SECCOMP +BLKID +ELFUTILS +KMOD -IDN)
[   16.985767] systemd[1]: Detected virtualization oracle.
[   17.005705] systemd[1]: Detected architecture x86.

Welcome to [1mUbuntu 16.04.5 LTS[0m!

[   17.148694] systemd[1]: Set hostname to <kouosl>.
[   18.703770] systemd[1]: Reached target Encrypted Volumes.
[[0;32m  OK  [0m] Reached target Encrypted Volumes.
[   18.724220] systemd[1]: Created slice User and Session Slice.
[[0;32m  OK  [0m] Created slice User and Session Slice.
[   18.796114] systemd[1]: Listening on LVM2 poll daemon socket.
[[0;32m  OK  [0m] Listening on LVM2 poll daemon socket.
[   18.892062] systemd[1]: Set up automount Arbitrary Executable File Formats File System Automount Point.
[[0;32m  OK  [0m] Set up automount Arbitrary Executab...ats File System Automount Point.
[   18.979016] systemd[1]: Listening on Device-mapper event daemon FIFOs.
[[0;32m  OK  [0m] Listening on Device-mapper event daemon FIFOs.
[   19.067057] systemd[1]: Listening on /dev/initctl Compatibility Named Pipe.
[[0;32m  OK  [0m] Listening on /dev/initctl Compatibility Named Pipe.
[   19.120540] systemd[1]: Started Forward Password Requests to Wall Directory Watch.
[[0;32m  OK  [0m] Started Forward Password Requests to Wall Directory Watch.
[   19.166940] systemd[1]: Reached target System Time Synchronized.
[[0;32m  OK  [0m] Reached target System Time Synchronized.
[   19.230115] systemd[1]: Listening on Journal Audit Socket.
[[0;32m  OK  [0m] Listening on Journal Audit Socket.
[   19.247720] systemd[1]: Listening on Journal Socket.
[[0;32m  OK  [0m] Listening on Journal Socket.
[   19.301342] systemd[1]: Listening on LVM2 metadata daemon socket.
[[0;32m  OK  [0m] Listening on LVM2 metadata daemon socket.
[   19.371138] systemd[1]: Listening on udev Kernel Socket.
[[0;32m  OK  [0m] Listening on udev Kernel Socket.
[   19.407823] systemd[1]: Created slice System Slice.
[[0;32m  OK  [0m] Created slice System Slice.
[   19.466843] systemd[1]: Starting Remount Root and Kernel File Systems...
         Starting Remount Root and Kernel File Systems...
[   19.514596] systemd[1]: Reached target Slices.
[[0;32m  OK  [0m] Reached target Slices.
[   19.581028] systemd[1]: Starting Nameserver information manager...
         Starting Nameserver information manager...
[   19.709017] systemd[1]: Starting Monitoring of LVM2 mirrors, snapshots etc. using dmeventd or progress polling...
         Starting Monitoring of LVM2 mirrors... dmeventd or progress polling...
[   19.828860] systemd[1]: Created slice system-serial\x2dgetty.slice.
[[0;32m  OK  [0m] Created slice system-serial\x2dgetty.slice.
[   19.880530] systemd[1]: Mounting Huge Pages File System...
         Mounting Huge Pages File System...
[   19.918623] systemd[1]: Mounting POSIX Message Queue File System...
[   19.967999] EXT4-fs (sda1): re-mounted. Opts: (null)
         Mounting POSIX Message Queue File System...
[   20.052996] systemd[1]: Reached target User and Group Name Lookups.
[[0;32m  OK  [0m] Reached target User and Group Name Lookups.
[   20.186950] systemd[1]: Started Trigger resolvconf update for networkd DNS.
[[0;32m  OK  [0m] Started Trigger resolvconf update for networkd DNS.
[   20.236080] systemd[1]: Listening on Syslog Socket.
[[0;32m  OK  [0m] Listening on Syslog Socket.
[   20.349848] systemd[1]: Starting Load Kernel Modules...
         Starting Load Kernel Modules...
[   20.439789] systemd[1]: Listening on udev Control Socket.
[[0;32m  OK  [0m] Listening on udev Control Socket.
[   20.461546] systemd[1]: Starting Create list of required static device nodes for the current kernel...
         Starting Create list of required st... nodes for the current kernel...
[   20.522729] systemd[1]: Reached target Swap.
[[0;32m  OK  [0m] Reached target Swap.
[   20.573402] systemd[1]: Starting Set console keymap...
[   20.604301] Loading iSCSI transport class v2.0-870.
         Starting Set console keymap...
[   20.672480] systemd[1]: Mounting Debug File System...
         Mounting Debug File System...
[   20.743144] systemd[1]: Starting Uncomplicated firewall...
         [   20.783441] iscsi: registered transport (tcp)
Starting Uncomplicated firewall...
[   20.822636] systemd[1]: Listening on Journal Socket (/dev/log).
[[0;32m  OK  [0m] Listening on Journal Socket (/dev/log).
[   20.927581] systemd[1]: Starting Journal Service...
         Starting Journal Service...
[   21.011549] systemd[1]: Mounted Huge Pages File System.
[[0;32m  OK  [0m] Mounted Huge Pages File System.
[   21.115421] systemd[1]: Mounted Debug File System.
[[0;32m  OK  [0m] Mounted Debug File System.
[   21.207372] systemd[1]: Mounted POSIX Message Queue File System.
[[0;32m  OK  [0m] Mounted POSIX Message Queue File System.
[   21.324900] systemd[1]: Started Remount Root and Kernel File Systems.
[[0;32m  OK  [0m] Started Remount Root and Kernel File Systems.
[   21.393170] systemd[1]: Started Create list of required static device nodes for the current kernel.
[[0;32m  OK  [0m] Started Create list of required sta...ce nodes for the current kernel.
[   21.440882] systemd[1]: Started Set console keymap.
[[0;32m  OK  [0m] Started Set console keymap.
[   21.493107] systemd[1]: Started Uncomplicated firewall.
[[0;32m  OK  [0[   21.513214] iscsi: registered transport (iser)
m] Started Uncomplicated firewall.
[   21.540289] systemd[1]: Started Load Kernel Modules.
[[0;32m  OK  [0m] Started Load Kernel Modules.
[   21.573936] systemd[1]: Started Nameserver information manager.
[[0;32m  OK  [0m] Started Nameserver information manager.
[   21.663286] systemd[1]: Started Journal Service.
[[0;32m  OK  [0m] Started Journal Service.
[[0;32m  OK  [0m] Started LVM2 metadata daemon.
         Starting Apply Kernel Variables...
         Mounting FUSE Control File System...
         Starting Create Static Device Nodes in /dev...
         Starting Load/Save Random Seed...
         Starting udev Coldplug all Devices...
         Starting Flush Journal to Persistent Storage...
[[0;32m  OK  [0m] Mounted FUSE Control File System.
[[0;32m  OK  [0m] Started Apply Kernel Variables.
[[0;32m  OK  [0m] Started Load/Save Random Seed.
[[0;32m  OK  [0m] Started Monitoring of LVM2 mirrors,...ng dmeventd or progress polling.
[[0;32m  OK  [0m] Started Create Static Device Nodes in /dev.
[[0;32m  OK  [0m] Started udev Coldplug all Devices.
[[0;32m  OK  [0m] Started Flush Journal to Persistent Storage.
         Starting udev Kernel Device Manager...
[[0;32m  OK  [0m] Reached target Local File Systems (Pre).
[[0;32m  OK  [0m] Reached target Local File Systems.
         Starting Set console font and keymap...
         Starting LSB: AppArmor initialization...
         Starting Tell Plymouth To Write Out Runtime Data...
         Starting Initial cloud-init job (pre-networking)...
         Starting Create Volatile Files and Directories...
[[0;32m  OK  [0m] Started Tell Plymouth To Write Out Runtime Data.
[[0;32m  OK  [0m] Started udev Kernel Device Manager.
[[0;32m  OK  [0m] Started Dispatch Password Requests to Console Directory Watch.
[[0;32m  OK  [0m] Started Create Volatile Files and Directories.
         Starting Update UTMP about System Boot/Shutdown...
[[0;32m  OK  [0m] Started Update UTMP about System Boot/Shutdown.
[[0;32m  OK  [0m] Started LSB: AppArmor initialization.
[[0;32m  OK  [0m] Started Set console font and keymap.
[[0;32m  OK  [0m] Created slice system-getty.slice.
[[0;32m  OK  [0m] Found device /dev/ttyS0.
[[0;32m  OK  [0m] Found device 82540EM Gigabit Ethern...r (PRO/1000 MT Desktop Adapter).
[[0;32m  OK  [0m] Listening on Load/Save RF Kill Switch Status /dev/rfkill Watch.
[[0;32m  OK  [0m] Found device 82540EM Gigabit Ethern...r (PRO/1000 MT Desktop Adapter).
[   29.858680] cloud-init[486]: Cloud-init v. 18.4-0ubuntu1~16.04.2 running 'init-local' at Sun, 06 Jan 2019 10:32:13 +0000. Up 27.04 seconds.
[[0;32m  OK  [0m] Started Initial cloud-init job (pre-networking).
[[0;32m  OK  [0m] Reached target Network (Pre).
[[0;32m  OK  [0m] Started ifup for enp0s8.
[[0;32m  OK  [0m] Started ifup for enp0s3.
         Starting Raise network interfaces...
[[0;32m  OK  [0m] Started Raise network interfaces.
         Starting Initial cloud-init job (metadata service crawler)...
[[0;32m  OK  [0m] Reached target Network.
[   35.081596] cloud-init[1068]: Cloud-init v. 18.4-0ubuntu1~16.04.2 running 'init' at Sun, 06 Jan 2019 10:32:18 +0000. Up 32.82 seconds.
[   35.122203] cloud-init[1068]: ci-info: ++++++++++++++++++++++++++++++++++++++Net device info+++++++++++++++++++++++++++++++++++++++
[   35.186270] cloud-init[1068]: ci-info: +--------+------+-----------------------------+---------------+--------+-------------------+
[   35.219552] cloud-init[1068]: ci-info: | Device |  Up  |           Address           |      Mask     | Scope  |     Hw-Address    |
[   35.273831] cloud-init[1068]: ci-info: +--------+------+-----------------------------+---------------+--------+-------------------+
[   35.333339] cloud-init[1068]: ci-info: | enp0s3 | True |          10.0.2.15          | 255.255.255.0 | global | 02:aa:72:2e:71:d2 |
[   35.385335] cloud-init[[0;32m  OK  [0m[1068]: ci-info: | enp0s3 | True |  fe80::aa:72ff:fe2e:71d2/64 |       .       |  link  | 02:aa:72:2e:71:d2 |] Started Initial cloud-init job (metadata service crawler).

[   35.417582] cloud-init[1068]: ci-info: | enp0s8 | True |        192.168.83.137       | 255.255.255.0 | global | 08:00:27:4c:65:0e |
[[   35.480650] cloud-init[1068]: ci-info: | enp0s8 | True | fe80::a00:27ff:fe4c:650e/64 |       .       |  link  | 08:00:27:4c:65:0e |
[   35.481676] cloud-init[1068]: ci-info: |   lo   | True |          127.0.0.1          |   255.0.0.0   |  host  |         .         |
[   35.481882] cloud-init[1068]: ci-info: |   lo   | True |           ::1/128           |       .       |  host  |         .         |
[   35.482064] cloud-init[1068]: ci-info: +--------+------+-----------------------------+---------------+--------+-------------------+
[   35.482250] cloud-init[1068]: ci-info: ++++++++++++++++++++++++++++Route IPv4 info++++++++++++++++++++++++++++
[   35.482436] cloud-init[1068]: ci-info: +-------+--------------+----------+---------------+-----------+-------+
[   35.482755] cloud-init[1068]: ci-info: | Route | Destination  | Gateway  |    Genmask    | Interface | Flags |
[   35.482943] cloud-init[1068]: ci-info: +-------+--------------+----------+---------------+-----------+-------+
[   35.483122] cloud-init[1068]: ci-info: |   0   |   0.0.0.0    | 10.0.2.2 |    0.0.0.0    |   enp0s3  |   UG  |
[   35.483301] cloud-init[1068]: ci-info: |   1   |   10.0.2.0   | 0.0.0.0  | 255.255.255.0 |   enp0s3  |   U   |
[   35.483481] cloud-init[1068]: ci-info: |   2   | 192.168.83.0 | 0.0.0.0  | 255.255.255.0 |   enp0s8  |   U   |
[   35.483722] cloud-init[1068]: ci-info: +-------+--------------+----------+---------------+-----------+-------+
[   35.483904] cloud-init[1068]: ci-info: +++++++++++++++++++Route IPv6 info+++++++++++++++++++
[   35.484085] cloud-init[1068]: ci-info: +-------+-------------+---------+-----------+-------+
[   35.484352] cloud-init[1068]: ci-info: | Route | Destination | Gateway | Interface | Flags |
[0;32m  OK  [0m] Reached target System Initialization.
[   35.484988] cloud-init[1068]: ci-info: +-------+-------------+---------+-----------+-------+
[[0;32m  OK  [0m[   35.772649] cloud-init[1068]: ci-info: |   0   |  fe80::/64  |    ::   |   enp0s8  |   U   |
[   35.772903] cloud-init[1068]: ci-info: |   1   |  fe80::/64  |    ::   |   enp0s3  |   U   |
[   35.773094] cloud-init[1068]: ci-info: |   6   |   ff00::/8  |    ::   |   enp0s8  |   U   |
[   35.773284] cloud-init[1068]: ci-info: |   7   |   ff00::/8  |    ::   |   enp0s3  |   U   |
[   35.773470] cloud-init[1068]: ci-info: +-------+-------------+---------+-----------+-------+
] Listening on ACPID Listen Socket.
         Starting LXD - unix socket.
[[0;32m  OK  [0m] Started ACPI Events Check.
[[0;32m  OK  [0m] Reached target Paths.
[[0;32m  OK  [0m] Listening on UUID daemon activation socket.
[[0;32m  OK  [0m] Started Daily apt download activities.
[[0;32m  OK  [0m] Started Daily apt upgrade and clean activities.
         Starting Socket activation for snappy daemon.
[[0;32m  OK  [0m] Started Daily Cleanup of Temporary Directories.
[[0;32m  OK  [0m] Reached target Timers.
[[0;32m  OK  [0m] Listening on D-Bus System Message Bus Socket.
[[0;32m  OK  [0m] Reached target Network is Online.
         Starting iSCSI initiator daemon (iscsid)...
[[0;32m  OK  [0m] Reached target Cloud-config availability.
[[0;32m  OK  [0m] Listening on LXD - unix socket.
[[0;32m  OK  [0m] Listening on Socket activation for snappy daemon.
[[0;32m  OK  [0m] Started iSCSI initiator daemon (iscsid).
         Starting Login to default iSCSI targets...
[[0;32m  OK  [0m] Reached target Sockets.
[[0;32m  OK  [0m] Reached target Basic System.
         Starting LXD - container startup/shutdown...
[[0;32m  OK  [0m] Started Regular background program processing daemon.
         Starting Virtualbox guest utils...
[[0;32m  OK  [0m] Started FUSE filesystem for LXC.
         Starting Accounts Service...
         Starting System Logging Service...
         Starting Login Service...
[[0;32m  OK  [0m] Started ACPI event daemon.
[[0;32m  OK  [0m] Started Unattended Upgrades Shutdown.
         Starting OpenBSD Secure Shell server...
[[0;32m  OK  [0m] Started Deferred execution scheduler.
         Starting Snappy daemon...
         Starting /etc/rc.local Compatibility...
         Starting LSB: Record successful boot for GRUB...
[[0;32m  OK  [0m] Started D-Bus System Message Bus.
         Starting LSB: MD monitoring daemon...
[[0;32m  OK  [0m] Started System Logging Service.
[[0;32m  OK  [0m] Started /etc/rc.local Compatibility.
[[0;32m  OK  [0m] Started OpenBSD Secure Shell server.
[[0;32m  OK  [0m] Started Login to default iSCSI targets.
[[0;32m  OK  [0m] Started LSB: Record successful boot for GRUB.
[[0;32m  OK  [0m] Started Login Service.
         Starting Authenticate and Authorize Users to Run Privileged Tasks...
[[0;32m  OK  [0m] Reached target Remote File Systems (Pre).
[[0;32m  OK  [0m] Reached target Remote File Systems.
         Starting LSB: Apache2 web server...
         Starting LSB: Set the CPU Frequency Scaling governor to "ondemand"...
         Starting LSB: Start and stop the mysql database server daemon...
         Starting Permit User Sessions...
         Starting LSB: daemon to balance interrupts for SMP systems...
         Starting LSB: automatic crash report generation...
[[0;32m  OK  [0m] Started LSB: MD monitoring daemon.
[[0;32m  OK  [0m] Started LXD - container startup/shutdown.
[[0;32m  OK  [0m] Started Virtualbox guest utils.
[[0;32m  OK  [0m] Started Permit User Sessions.
[[0;32m  OK  [0m] Started Authenticate and Authorize Users to Run Privileged Tasks.
[[0;32m  OK  [0m] Started Accounts Service.
         Starting Terminate Plymouth Boot Screen...
         Starting Hold until boot process finishes up...
[[0;32m  OK  [0m] Started Terminate Plymouth Boot Screen.
[[0;32m  OK  [0m] Started Hold until boot process finishes up.
[[0;32m  OK  [0m] Started LSB: Set the CPU Frequency Scaling governor to "ondemand".
[[0;32m  OK  [0m] Started Snappy daemon.
[[0;32m  OK  [0m] Started LSB: daemon to balance interrupts for SMP systems.
[[0;32m  OK  [0m] Started LSB: automatic crash report generation.
         Starting Wait until snapd is fully seeded...
[[0;32m  OK  [0m] Started Serial Getty on ttyS0.
         Starting Set console scheme...
[[0;32m  OK  [0m] Started Getty on tty1.
[[0;32m  OK  [0m] Reached target Login Prompts.
[[0;32m  OK  [0m] Started Set console scheme.
[[0;32m  OK  [0m] Started Wait until snapd is fully seeded.
         Starting Apply the settings specified in cloud-config...
[[0;32m  OK  [0m] Created slice User Slice of vagrant.
         Starting User Manager for UID 1000...
[[0;32m  OK  [0m] Started Session 1 of user vagrant.
[[0;32m  OK  [0m] Started User Manager for UID 1000.
[   46.028702] cloud-init[1369]: Cloud-init v. 18.4-0ubuntu1~16.04.2 running 'modules:config' at Sun, 06 Jan 2019 10:32:31 +0000. Up 44.92 seconds.

Ubuntu 16.04.5 LTS kouosl ttyS0

kouosl login: [   54.274986] cloud-init[1791]: Cloud-init v. 18.4-0ubuntu1~16.04.2 running 'modules:final' at Sun, 06 Jan 2019 10:32:39 +0000. Up 53.35 seconds.
[   54.276582] cloud-init[1791]: Cloud-init v. 18.4-0ubuntu1~16.04.2 finished at Sun, 06 Jan 2019 10:32:40 +0000. Datasource DataSourceNoCloud [seed=/dev/sdb][dsmode=net].  Up 54.23 seconds
